<?xml version="1.0" encoding="UTF-8"?>
<!-- Generated by org.testng.reporters.JUnitReportReporter -->
<testsuite skipped="0" hostname="LAPTOP-GKQFO98N" name="com.phptravelstest.testcases.Signuppagetestcasse" tests="1" failures="0" timestamp="29 Nov 2018 17:37:53 GMT" time="60.738" errors="0">
  <testcase name="verifyuserlogintestcase" time="60.738" classname="com.phptravelstest.testcases.Signuppagetestcasse"/>
</testsuite> <!-- com.phptravelstest.testcases.Signuppagetestcasse -->
