<?xml version="1.0" encoding="UTF-8"?>
<!-- Generated by org.testng.reporters.JUnitReportReporter -->
<testsuite skipped="0" hostname="LAPTOP-GKQFO98N" name="com.phptravelstest.testcases.loginpagetestcases" tests="1" failures="0" timestamp="13 Feb 2019 17:26:36 GMT" time="27.622" errors="0">
  <testcase name="refreshTestcase" time="27.622" classname="com.phptravelstest.testcases.loginpagetestcases"/>
</testsuite> <!-- com.phptravelstest.testcases.loginpagetestcases -->
