<?xml version="1.0" encoding="UTF-8"?>
<!-- Generated by org.testng.reporters.JUnitReportReporter -->
<testsuite skipped="0" hostname="LAPTOP-GKQFO98N" name="com.phptravelstest.testcases.Myaccounttestcasespage" tests="1" failures="0" timestamp="26 Oct 2018 02:31:53 GMT" time="0.179" errors="0">
  <testcase name="verifylogo" time="0.179" classname="com.phptravelstest.testcases.Myaccounttestcasespage"/>
</testsuite> <!-- com.phptravelstest.testcases.Myaccounttestcasespage -->
