<?xml version="1.0" encoding="UTF-8"?>
<!-- Generated by org.testng.reporters.JUnitReportReporter -->
<testsuite skipped="0" hostname="LAPTOP-GKQFO98N" name="com.phptravelstest.testcases.Hotesltestcases" tests="1" failures="0" timestamp="19 Jan 2019 10:29:48 GMT" time="29.472" errors="0">
  <testcase name="roomcountselectionTestcase" time="29.472" classname="com.phptravelstest.testcases.Hotesltestcases"/>
</testsuite> <!-- com.phptravelstest.testcases.Hotesltestcases -->
